[2025-01-01T05:54:33,738][INFO ][o.a.l.i.v.PanamaVectorizationProvider] [wsapp-node-1] Java vector incubator API enabled; uses preferredBitSize=256
[2025-01-01T05:54:36,165][INFO ][o.e.n.Node               ] [wsapp-node-1] version[8.11.3], pid[17836], build[zip/64cf052f3b56b1fd4449f5454cb88aca7e739d9a/2023-12-08T11:33:53.634979452Z], OS[Windows 11/10.0/amd64], JVM[Oracle Corporation/OpenJDK 64-Bit Server VM/21.0.1/21.0.1+12-29]
[2025-01-01T05:54:36,169][INFO ][o.e.n.Node               ] [wsapp-node-1] JVM home [c:\Users\phila\Desktop\wsapp\elasticsearch-8.11.3\jdk], using bundled JDK [true]
[2025-01-01T05:54:36,169][INFO ][o.e.n.Node               ] [wsapp-node-1] JVM arguments [-Des.networkaddress.cache.ttl=60, -Des.networkaddress.cache.negative.ttl=10, -Djava.security.manager=allow, -XX:+AlwaysPreTouch, -Xss1m, -Djava.awt.headless=true, -Dfile.encoding=UTF-8, -Djna.nosys=true, -XX:-OmitStackTraceInFastThrow, -Dio.netty.noUnsafe=true, -Dio.netty.noKeySetOptimization=true, -Dio.netty.recycler.maxCapacityPerThread=0, -Dlog4j.shutdownHookEnabled=false, -Dlog4j2.disable.jmx=true, -Dlog4j2.formatMsgNoLookups=true, -Djava.locale.providers=SPI,COMPAT, --add-opens=java.base/java.io=org.elasticsearch.preallocate, -XX:+UseG1GC, -Djava.io.tmpdir=C:\Users\phila\AppData\Local\Temp\elasticsearch, --add-modules=jdk.incubator.vector, -XX:+HeapDumpOnOutOfMemoryError, -XX:+ExitOnOutOfMemoryError, -XX:HeapDumpPath=data, -XX:ErrorFile=logs/hs_err_pid%p.log, -Xlog:gc*,gc+age=trace,safepoint:file=logs/gc.log:utctime,level,pid,tags:filecount=32,filesize=64m, -Xms3942m, -Xmx3942m, -XX:MaxDirectMemorySize=2066743296, -XX:G1HeapRegionSize=4m, -XX:InitiatingHeapOccupancyPercent=30, -XX:G1ReservePercent=15, -Des.distribution.type=zip, --module-path=c:\Users\phila\Desktop\wsapp\elasticsearch-8.11.3\lib, --add-modules=jdk.net, --add-modules=ALL-MODULE-PATH, -Djdk.module.main=org.elasticsearch.server]
[2025-01-01T05:54:46,867][INFO ][o.e.p.PluginsService     ] [wsapp-node-1] loaded module [repository-url]
[2025-01-01T05:54:46,867][INFO ][o.e.p.PluginsService     ] [wsapp-node-1] loaded module [rest-root]
[2025-01-01T05:54:46,868][INFO ][o.e.p.PluginsService     ] [wsapp-node-1] loaded module [x-pack-core]
[2025-01-01T05:54:46,869][INFO ][o.e.p.PluginsService     ] [wsapp-node-1] loaded module [x-pack-redact]
[2025-01-01T05:54:46,869][INFO ][o.e.p.PluginsService     ] [wsapp-node-1] loaded module [ingest-user-agent]
[2025-01-01T05:54:46,870][INFO ][o.e.p.PluginsService     ] [wsapp-node-1] loaded module [x-pack-async-search]
[2025-01-01T05:54:46,871][INFO ][o.e.p.PluginsService     ] [wsapp-node-1] loaded module [x-pack-monitoring]
[2025-01-01T05:54:46,872][INFO ][o.e.p.PluginsService     ] [wsapp-node-1] loaded module [repository-s3]
[2025-01-01T05:54:46,873][INFO ][o.e.p.PluginsService     ] [wsapp-node-1] loaded module [x-pack-analytics]
[2025-01-01T05:54:46,873][INFO ][o.e.p.PluginsService     ] [wsapp-node-1] loaded module [x-pack-ent-search]
[2025-01-01T05:54:46,874][INFO ][o.e.p.PluginsService     ] [wsapp-node-1] loaded module [x-pack-autoscaling]
[2025-01-01T05:54:46,875][INFO ][o.e.p.PluginsService     ] [wsapp-node-1] loaded module [lang-painless]
[2025-01-01T05:54:46,876][INFO ][o.e.p.PluginsService     ] [wsapp-node-1] loaded module [x-pack-ml]
[2025-01-01T05:54:46,876][INFO ][o.e.p.PluginsService     ] [wsapp-node-1] loaded module [lang-mustache]
[2025-01-01T05:54:46,877][INFO ][o.e.p.PluginsService     ] [wsapp-node-1] loaded module [legacy-geo]
[2025-01-01T05:54:46,878][INFO ][o.e.p.PluginsService     ] [wsapp-node-1] loaded module [x-pack-ql]
[2025-01-01T05:54:46,878][INFO ][o.e.p.PluginsService     ] [wsapp-node-1] loaded module [rank-rrf]
[2025-01-01T05:54:46,878][INFO ][o.e.p.PluginsService     ] [wsapp-node-1] loaded module [analysis-common]
[2025-01-01T05:54:46,879][INFO ][o.e.p.PluginsService     ] [wsapp-node-1] loaded module [transport-netty4]
[2025-01-01T05:54:46,879][INFO ][o.e.p.PluginsService     ] [wsapp-node-1] loaded module [aggregations]
[2025-01-01T05:54:46,879][INFO ][o.e.p.PluginsService     ] [wsapp-node-1] loaded module [ingest-common]
[2025-01-01T05:54:46,880][INFO ][o.e.p.PluginsService     ] [wsapp-node-1] loaded module [frozen-indices]
[2025-01-01T05:54:46,880][INFO ][o.e.p.PluginsService     ] [wsapp-node-1] loaded module [x-pack-identity-provider]
[2025-01-01T05:54:46,880][INFO ][o.e.p.PluginsService     ] [wsapp-node-1] loaded module [x-pack-shutdown]
[2025-01-01T05:54:46,880][INFO ][o.e.p.PluginsService     ] [wsapp-node-1] loaded module [x-pack-text-structure]
[2025-01-01T05:54:46,880][INFO ][o.e.p.PluginsService     ] [wsapp-node-1] loaded module [snapshot-repo-test-kit]
[2025-01-01T05:54:46,880][INFO ][o.e.p.PluginsService     ] [wsapp-node-1] loaded module [ml-package-loader]
[2025-01-01T05:54:46,880][INFO ][o.e.p.PluginsService     ] [wsapp-node-1] loaded module [kibana]
[2025-01-01T05:54:46,881][INFO ][o.e.p.PluginsService     ] [wsapp-node-1] loaded module [constant-keyword]
[2025-01-01T05:54:46,881][INFO ][o.e.p.PluginsService     ] [wsapp-node-1] loaded module [x-pack-logstash]
[2025-01-01T05:54:46,881][INFO ][o.e.p.PluginsService     ] [wsapp-node-1] loaded module [x-pack-ccr]
[2025-01-01T05:54:46,881][INFO ][o.e.p.PluginsService     ] [wsapp-node-1] loaded module [x-pack-graph]
[2025-01-01T05:54:46,881][INFO ][o.e.p.PluginsService     ] [wsapp-node-1] loaded module [x-pack-esql]
[2025-01-01T05:54:46,882][INFO ][o.e.p.PluginsService     ] [wsapp-node-1] loaded module [parent-join]
[2025-01-01T05:54:46,882][INFO ][o.e.p.PluginsService     ] [wsapp-node-1] loaded module [x-pack-enrich]
[2025-01-01T05:54:46,882][INFO ][o.e.p.PluginsService     ] [wsapp-node-1] loaded module [repositories-metering-api]
[2025-01-01T05:54:46,882][INFO ][o.e.p.PluginsService     ] [wsapp-node-1] loaded module [transform]
[2025-01-01T05:54:46,883][INFO ][o.e.p.PluginsService     ] [wsapp-node-1] loaded module [repository-azure]
[2025-01-01T05:54:46,883][INFO ][o.e.p.PluginsService     ] [wsapp-node-1] loaded module [repository-gcs]
[2025-01-01T05:54:46,883][INFO ][o.e.p.PluginsService     ] [wsapp-node-1] loaded module [spatial]
[2025-01-01T05:54:46,883][INFO ][o.e.p.PluginsService     ] [wsapp-node-1] loaded module [apm]
[2025-01-01T05:54:46,883][INFO ][o.e.p.PluginsService     ] [wsapp-node-1] loaded module [mapper-extras]
[2025-01-01T05:54:46,884][INFO ][o.e.p.PluginsService     ] [wsapp-node-1] loaded module [mapper-version]
[2025-01-01T05:54:46,884][INFO ][o.e.p.PluginsService     ] [wsapp-node-1] loaded module [x-pack-rollup]
[2025-01-01T05:54:46,884][INFO ][o.e.p.PluginsService     ] [wsapp-node-1] loaded module [percolator]
[2025-01-01T05:54:46,884][INFO ][o.e.p.PluginsService     ] [wsapp-node-1] loaded module [data-streams]
[2025-01-01T05:54:46,884][INFO ][o.e.p.PluginsService     ] [wsapp-node-1] loaded module [x-pack-stack]
[2025-01-01T05:54:46,884][INFO ][o.e.p.PluginsService     ] [wsapp-node-1] loaded module [rank-eval]
[2025-01-01T05:54:46,885][INFO ][o.e.p.PluginsService     ] [wsapp-node-1] loaded module [reindex]
[2025-01-01T05:54:46,885][INFO ][o.e.p.PluginsService     ] [wsapp-node-1] loaded module [x-pack-security]
[2025-01-01T05:54:46,885][INFO ][o.e.p.PluginsService     ] [wsapp-node-1] loaded module [blob-cache]
[2025-01-01T05:54:46,885][INFO ][o.e.p.PluginsService     ] [wsapp-node-1] loaded module [searchable-snapshots]
[2025-01-01T05:54:46,886][INFO ][o.e.p.PluginsService     ] [wsapp-node-1] loaded module [x-pack-slm]
[2025-01-01T05:54:46,886][INFO ][o.e.p.PluginsService     ] [wsapp-node-1] loaded module [snapshot-based-recoveries]
[2025-01-01T05:54:46,886][INFO ][o.e.p.PluginsService     ] [wsapp-node-1] loaded module [x-pack-watcher]
[2025-01-01T05:54:46,887][INFO ][o.e.p.PluginsService     ] [wsapp-node-1] loaded module [old-lucene-versions]
[2025-01-01T05:54:46,888][INFO ][o.e.p.PluginsService     ] [wsapp-node-1] loaded module [x-pack-ilm]
[2025-01-01T05:54:46,890][INFO ][o.e.p.PluginsService     ] [wsapp-node-1] loaded module [x-pack-voting-only-node]
[2025-01-01T05:54:46,891][INFO ][o.e.p.PluginsService     ] [wsapp-node-1] loaded module [x-pack-deprecation]
[2025-01-01T05:54:46,892][INFO ][o.e.p.PluginsService     ] [wsapp-node-1] loaded module [x-pack-fleet]
[2025-01-01T05:54:46,894][INFO ][o.e.p.PluginsService     ] [wsapp-node-1] loaded module [x-pack-aggregate-metric]
[2025-01-01T05:54:46,894][INFO ][o.e.p.PluginsService     ] [wsapp-node-1] loaded module [x-pack-downsample]
[2025-01-01T05:54:46,894][INFO ][o.e.p.PluginsService     ] [wsapp-node-1] loaded module [x-pack-profiling]
[2025-01-01T05:54:46,894][INFO ][o.e.p.PluginsService     ] [wsapp-node-1] loaded module [ingest-geoip]
[2025-01-01T05:54:46,894][INFO ][o.e.p.PluginsService     ] [wsapp-node-1] loaded module [inference]
[2025-01-01T05:54:46,894][INFO ][o.e.p.PluginsService     ] [wsapp-node-1] loaded module [x-pack-write-load-forecaster]
[2025-01-01T05:54:46,895][INFO ][o.e.p.PluginsService     ] [wsapp-node-1] loaded module [search-business-rules]
[2025-01-01T05:54:46,895][INFO ][o.e.p.PluginsService     ] [wsapp-node-1] loaded module [ingest-attachment]
[2025-01-01T05:54:46,895][INFO ][o.e.p.PluginsService     ] [wsapp-node-1] loaded module [wildcard]
[2025-01-01T05:54:46,895][INFO ][o.e.p.PluginsService     ] [wsapp-node-1] loaded module [unsigned-long]
[2025-01-01T05:54:46,896][INFO ][o.e.p.PluginsService     ] [wsapp-node-1] loaded module [x-pack-sql]
[2025-01-01T05:54:46,896][INFO ][o.e.p.PluginsService     ] [wsapp-node-1] loaded module [runtime-fields-common]
[2025-01-01T05:54:46,896][INFO ][o.e.p.PluginsService     ] [wsapp-node-1] loaded module [x-pack-async]
[2025-01-01T05:54:46,896][INFO ][o.e.p.PluginsService     ] [wsapp-node-1] loaded module [vector-tile]
[2025-01-01T05:54:46,896][INFO ][o.e.p.PluginsService     ] [wsapp-node-1] loaded module [lang-expression]
[2025-01-01T05:54:46,896][INFO ][o.e.p.PluginsService     ] [wsapp-node-1] loaded module [x-pack-eql]
[2025-01-01T05:55:00,731][INFO ][o.e.e.NodeEnvironment    ] [wsapp-node-1] using [1] data paths, mounts [[OS (c:)]], net usable_space [56.8gb], net total_space [475.4gb], types [NTFS]
[2025-01-01T05:55:00,733][INFO ][o.e.e.NodeEnvironment    ] [wsapp-node-1] heap size [3.8gb], compressed ordinary object pointers [true]
[2025-01-01T05:55:00,781][INFO ][o.e.n.Node               ] [wsapp-node-1] node name [wsapp-node-1], node ID [Z6KwJ9ixRF6OP50gCIYmvw], cluster name [wsapp-local], roles [data_cold, data, remote_cluster_client, master, data_warm, data_content, transform, data_hot, ml, data_frozen, ingest]
[2025-01-01T05:55:11,414][INFO ][o.e.x.m.p.l.CppLogMessageHandler] [wsapp-node-1] [controller/4688] [Main.cc@123] controller (64 bit): Version 8.11.3 (Build c16ff912638f0a) Copyright (c) 2023 Elasticsearch BV
[2025-01-01T05:55:13,175][INFO ][o.e.x.s.Security         ] [wsapp-node-1] Security is disabled
[2025-01-01T05:55:14,758][INFO ][o.e.x.p.ProfilingPlugin  ] [wsapp-node-1] Profiling is enabled
[2025-01-01T05:55:14,856][INFO ][o.e.x.p.ProfilingPlugin  ] [wsapp-node-1] profiling index templates will not be installed or reinstalled
[2025-01-01T05:55:16,930][INFO ][o.e.t.n.NettyAllocator   ] [wsapp-node-1] creating NettyAllocator with the following configs: [name=elasticsearch_configured, chunk_size=1mb, suggested_max_allocation_size=1mb, factors={es.unsafe.use_netty_default_chunk_and_page_size=false, g1gc_enabled=true, g1gc_region_size=4mb}]
[2025-01-01T05:55:17,005][INFO ][o.e.i.r.RecoverySettings ] [wsapp-node-1] using rate limit [40mb] with [default=40mb, read=0b, write=0b, max=0b]
[2025-01-01T05:55:17,140][INFO ][o.e.d.DiscoveryModule    ] [wsapp-node-1] using discovery type [single-node] and seed hosts providers [settings]
[2025-01-01T05:55:21,358][INFO ][o.e.n.Node               ] [wsapp-node-1] initialized
[2025-01-01T05:55:21,360][INFO ][o.e.n.Node               ] [wsapp-node-1] starting ...
[2025-01-01T05:55:21,397][INFO ][o.e.x.s.c.f.PersistentCache] [wsapp-node-1] persistent cache index loaded
[2025-01-01T05:55:21,404][INFO ][o.e.x.d.l.DeprecationIndexingComponent] [wsapp-node-1] deprecation component started
[2025-01-01T05:55:21,724][INFO ][o.e.t.TransportService   ] [wsapp-node-1] publish_address {192.168.0.17:9300}, bound_addresses {[::]:9300}
[2025-01-01T05:55:22,970][INFO ][o.e.c.c.ClusterBootstrapService] [wsapp-node-1] this node has not joined a bootstrapped cluster yet; [cluster.initial_master_nodes] is set to [wsapp-node-1]
[2025-01-01T05:55:23,010][INFO ][o.e.c.c.Coordinator      ] [wsapp-node-1] setting initial configuration to VotingConfiguration{Z6KwJ9ixRF6OP50gCIYmvw}
[2025-01-01T05:55:24,828][INFO ][o.e.c.s.MasterService    ] [wsapp-node-1] elected-as-master ([1] nodes joined in term 1)[_FINISH_ELECTION_, {wsapp-node-1}{Z6KwJ9ixRF6OP50gCIYmvw}{1LDE0JdlSkSPXIVfMsA_rQ}{wsapp-node-1}{192.168.0.17}{192.168.0.17:9300}{cdfhilmrstw}{8.11.3}{7000099-8500003} completing election], term: 1, version: 1, delta: master node changed {previous [], current [{wsapp-node-1}{Z6KwJ9ixRF6OP50gCIYmvw}{1LDE0JdlSkSPXIVfMsA_rQ}{wsapp-node-1}{192.168.0.17}{192.168.0.17:9300}{cdfhilmrstw}{8.11.3}{7000099-8500003}]}
[2025-01-01T05:55:25,593][INFO ][o.e.c.c.CoordinationState] [wsapp-node-1] cluster UUID set to [H5tPt5BkRwSEqF3cO0TAOQ]
[2025-01-01T05:55:27,162][INFO ][o.e.c.s.ClusterApplierService] [wsapp-node-1] master node changed {previous [], current [{wsapp-node-1}{Z6KwJ9ixRF6OP50gCIYmvw}{1LDE0JdlSkSPXIVfMsA_rQ}{wsapp-node-1}{192.168.0.17}{192.168.0.17:9300}{cdfhilmrstw}{8.11.3}{7000099-8500003}]}, term: 1, version: 1, reason: Publication{term=1, version=1}
[2025-01-01T05:55:27,477][INFO ][o.e.c.f.AbstractFileWatchingService] [wsapp-node-1] starting file watcher ...
[2025-01-01T05:55:27,509][INFO ][o.e.c.f.AbstractFileWatchingService] [wsapp-node-1] file settings service up and running [tid=56]
[2025-01-01T05:55:27,543][INFO ][o.e.c.c.NodeJoinExecutor ] [wsapp-node-1] node-join: [{wsapp-node-1}{Z6KwJ9ixRF6OP50gCIYmvw}{1LDE0JdlSkSPXIVfMsA_rQ}{wsapp-node-1}{192.168.0.17}{192.168.0.17:9300}{cdfhilmrstw}{8.11.3}{7000099-8500003}] with reason [completing election]
[2025-01-01T05:55:27,553][INFO ][o.e.h.AbstractHttpServerTransport] [wsapp-node-1] publish_address {192.168.0.17:9200}, bound_addresses {[::]:9200}
[2025-01-01T05:55:27,558][INFO ][o.e.n.Node               ] [wsapp-node-1] started {wsapp-node-1}{Z6KwJ9ixRF6OP50gCIYmvw}{1LDE0JdlSkSPXIVfMsA_rQ}{wsapp-node-1}{192.168.0.17}{192.168.0.17:9300}{cdfhilmrstw}{8.11.3}{7000099-8500003}{ml.machine_memory=8268992512, transform.config_version=10.0.0, xpack.installed=true, ml.config_version=11.0.0, ml.max_jvm_size=4135583744, ml.allocated_processors_double=12.0, ml.allocated_processors=12}
[2025-01-01T05:55:27,908][INFO ][o.e.c.r.a.DiskThresholdMonitor] [wsapp-node-1] low disk watermark [85%] exceeded on [Z6KwJ9ixRF6OP50gCIYmvw][wsapp-node-1][c:\Users\phila\Desktop\wsapp\elasticsearch-8.11.3\data] free: 56.8gb[11.9%], replicas will not be assigned to this node
[2025-01-01T05:55:27,995][INFO ][o.e.g.GatewayService     ] [wsapp-node-1] recovered [0] indices into cluster_state
[2025-01-01T05:55:28,845][INFO ][o.e.c.m.MetadataIndexTemplateService] [wsapp-node-1] adding template [.monitoring-beats] for index patterns [.monitoring-beats-7-*]
[2025-01-01T05:55:28,945][INFO ][o.e.c.m.MetadataIndexTemplateService] [wsapp-node-1] adding template [.monitoring-alerts-7] for index patterns [.monitoring-alerts-7]
[2025-01-01T05:55:29,087][INFO ][o.e.c.m.MetadataIndexTemplateService] [wsapp-node-1] adding component template [behavioral_analytics-events-mappings]
[2025-01-01T05:55:29,110][INFO ][o.e.c.m.MetadataIndexTemplateService] [wsapp-node-1] adding component template [elastic-connectors-settings]
[2025-01-01T05:55:29,205][INFO ][o.e.c.m.MetadataIndexTemplateService] [wsapp-node-1] adding component template [elastic-connectors-mappings]
[2025-01-01T05:55:29,386][INFO ][o.e.c.m.MetadataIndexTemplateService] [wsapp-node-1] adding template [.monitoring-logstash] for index patterns [.monitoring-logstash-7-*]
[2025-01-01T05:55:29,415][INFO ][o.e.c.m.MetadataIndexTemplateService] [wsapp-node-1] adding component template [elastic-connectors-sync-jobs-mappings]
[2025-01-01T05:55:29,498][INFO ][o.e.c.m.MetadataIndexTemplateService] [wsapp-node-1] adding template [.monitoring-es] for index patterns [.monitoring-es-7-*]
[2025-01-01T05:55:29,514][INFO ][o.e.c.m.MetadataIndexTemplateService] [wsapp-node-1] adding component template [elastic-connectors-sync-jobs-settings]
[2025-01-01T05:55:29,557][INFO ][o.e.c.m.MetadataIndexTemplateService] [wsapp-node-1] adding template [.monitoring-kibana] for index patterns [.monitoring-kibana-7-*]
[2025-01-01T05:55:29,745][INFO ][o.e.c.m.MetadataIndexTemplateService] [wsapp-node-1] adding index template [.monitoring-logstash-mb] for index patterns [.monitoring-logstash-8-*]
[2025-01-01T05:55:29,874][INFO ][o.e.c.m.MetadataIndexTemplateService] [wsapp-node-1] adding index template [.monitoring-kibana-mb] for index patterns [.monitoring-kibana-8-*]
[2025-01-01T05:55:29,925][INFO ][o.e.c.m.MetadataIndexTemplateService] [wsapp-node-1] adding index template [.ml-stats] for index patterns [.ml-stats-*]
[2025-01-01T05:55:30,062][INFO ][o.e.c.m.MetadataIndexTemplateService] [wsapp-node-1] adding index template [.ml-anomalies-] for index patterns [.ml-anomalies-*]
[2025-01-01T05:55:30,112][INFO ][o.e.c.m.MetadataIndexTemplateService] [wsapp-node-1] adding index template [.ml-state] for index patterns [.ml-state*]
[2025-01-01T05:55:30,176][INFO ][o.e.c.m.MetadataIndexTemplateService] [wsapp-node-1] adding index template [.ml-notifications-000002] for index patterns [.ml-notifications-000002]
[2025-01-01T05:55:30,228][INFO ][o.e.c.m.MetadataIndexTemplateService] [wsapp-node-1] adding index template [search-acl-filter] for index patterns [.search-acl-filter-*]
[2025-01-01T05:55:30,328][INFO ][o.e.c.m.MetadataIndexTemplateService] [wsapp-node-1] adding index template [.monitoring-ent-search-mb] for index patterns [.monitoring-ent-search-8-*]
[2025-01-01T05:55:30,508][INFO ][o.e.c.m.MetadataIndexTemplateService] [wsapp-node-1] adding index template [.monitoring-beats-mb] for index patterns [.monitoring-beats-8-*]
[2025-01-01T05:55:30,735][INFO ][o.e.c.m.MetadataIndexTemplateService] [wsapp-node-1] adding index template [.monitoring-es-mb] for index patterns [.monitoring-es-8-*]
[2025-01-01T05:55:30,808][INFO ][o.e.c.m.MetadataIndexTemplateService] [wsapp-node-1] adding component template [synthetics-mappings]
[2025-01-01T05:55:30,859][INFO ][o.e.c.m.MetadataIndexTemplateService] [wsapp-node-1] adding component template [metrics-mappings]
[2025-01-01T05:55:31,028][INFO ][o.e.c.m.MetadataIndexTemplateService] [wsapp-node-1] adding component template [ecs@dynamic_templates]
[2025-01-01T05:55:31,054][INFO ][o.e.c.m.MetadataIndexTemplateService] [wsapp-node-1] adding component template [synthetics-settings]
[2025-01-01T05:55:31,076][INFO ][o.e.c.m.MetadataIndexTemplateService] [wsapp-node-1] adding component template [metrics-settings]
[2025-01-01T05:55:31,093][INFO ][o.e.c.m.MetadataIndexTemplateService] [wsapp-node-1] adding component template [metrics-tsdb-settings]
[2025-01-01T05:55:31,141][INFO ][o.e.c.m.MetadataIndexTemplateService] [wsapp-node-1] adding component template [logs-mappings]
[2025-01-01T05:55:31,176][INFO ][o.e.c.m.MetadataIndexTemplateService] [wsapp-node-1] adding component template [data-streams-mappings]
[2025-01-01T05:55:31,226][INFO ][o.e.c.m.MetadataIndexTemplateService] [wsapp-node-1] adding index template [.kibana-reporting] for index patterns [.kibana-reporting*]
[2025-01-01T05:55:31,291][INFO ][o.e.c.m.MetadataIndexTemplateService] [wsapp-node-1] adding index template [.slm-history] for index patterns [.slm-history-5*]
[2025-01-01T05:55:31,427][INFO ][o.e.c.m.MetadataIndexTemplateService] [wsapp-node-1] adding index template [.watch-history-16] for index patterns [.watcher-history-16*]
[2025-01-01T05:55:31,576][INFO ][o.e.c.m.MetadataIndexTemplateService] [wsapp-node-1] adding index template [ilm-history] for index patterns [ilm-history-5*]
[2025-01-01T05:55:31,645][INFO ][o.e.c.m.MetadataIndexTemplateService] [wsapp-node-1] adding component template [.deprecation-indexing-mappings]
[2025-01-01T05:55:31,757][INFO ][o.e.c.m.MetadataIndexTemplateService] [wsapp-node-1] adding component template [.deprecation-indexing-settings]
[2025-01-01T05:55:31,767][INFO ][o.e.c.m.MetadataIndexTemplateService] [wsapp-node-1] adding index template [.fleet-fileds-fromhost-meta] for index patterns [.fleet-fileds-fromhost-meta-*]
[2025-01-01T05:55:31,807][INFO ][o.e.c.m.MetadataIndexTemplateService] [wsapp-node-1] adding index template [.fleet-fileds-tohost-data] for index patterns [.fleet-fileds-tohost-data-*]
[2025-01-01T05:55:31,841][INFO ][o.e.c.m.MetadataIndexTemplateService] [wsapp-node-1] adding index template [.fleet-fileds-fromhost-data] for index patterns [.fleet-fileds-fromhost-data-*]
[2025-01-01T05:55:31,876][INFO ][o.e.c.m.MetadataIndexTemplateService] [wsapp-node-1] adding index template [.fleet-fileds-tohost-meta] for index patterns [.fleet-fileds-tohost-meta-*]
[2025-01-01T05:55:32,876][INFO ][o.e.c.m.MetadataIndexTemplateService] [wsapp-node-1] adding index template [elastic-connectors] for index patterns [.elastic-connectors-v1]
[2025-01-01T05:55:32,911][INFO ][o.e.c.m.MetadataIndexTemplateService] [wsapp-node-1] adding index template [elastic-connectors-sync-jobs] for index patterns [.elastic-connectors-sync-jobs-v1]
[2025-01-01T05:55:32,946][INFO ][o.e.c.m.MetadataIndexTemplateService] [wsapp-node-1] adding index template [synthetics] for index patterns [synthetics-*-*]
[2025-01-01T05:55:32,989][INFO ][o.e.c.m.MetadataIndexTemplateService] [wsapp-node-1] adding index template [metrics] for index patterns [metrics-*-*]
[2025-01-01T05:55:33,037][INFO ][o.e.c.m.MetadataIndexTemplateService] [wsapp-node-1] adding index template [.deprecation-indexing-template] for index patterns [.logs-deprecation.*]
[2025-01-01T05:55:33,787][INFO ][o.e.x.i.a.TransportPutLifecycleAction] [wsapp-node-1] adding index lifecycle policy [behavioral_analytics-events-default_policy]
[2025-01-01T05:55:34,686][INFO ][o.e.x.i.a.TransportPutLifecycleAction] [wsapp-node-1] adding index lifecycle policy [.monitoring-8-ilm-policy]
[2025-01-01T05:55:35,452][INFO ][o.e.x.i.a.TransportPutLifecycleAction] [wsapp-node-1] adding index lifecycle policy [ml-size-based-ilm-policy]
[2025-01-01T05:55:36,004][INFO ][o.e.x.i.a.TransportPutLifecycleAction] [wsapp-node-1] adding index lifecycle policy [metrics]
[2025-01-01T05:55:36,740][INFO ][o.e.x.i.a.TransportPutLifecycleAction] [wsapp-node-1] adding index lifecycle policy [logs]
[2025-01-01T05:55:37,527][INFO ][o.e.x.i.a.TransportPutLifecycleAction] [wsapp-node-1] adding index lifecycle policy [synthetics]
[2025-01-01T05:55:38,293][INFO ][o.e.x.i.a.TransportPutLifecycleAction] [wsapp-node-1] adding index lifecycle policy [365-days-default]
[2025-01-01T05:55:39,293][INFO ][o.e.x.i.a.TransportPutLifecycleAction] [wsapp-node-1] adding index lifecycle policy [30-days-default]
[2025-01-01T05:55:39,967][INFO ][o.e.x.i.a.TransportPutLifecycleAction] [wsapp-node-1] adding index lifecycle policy [7-days-default]
[2025-01-01T05:55:40,722][INFO ][o.e.x.i.a.TransportPutLifecycleAction] [wsapp-node-1] adding index lifecycle policy [180-days-default]
[2025-01-01T05:55:41,357][INFO ][o.e.x.i.a.TransportPutLifecycleAction] [wsapp-node-1] adding index lifecycle policy [watch-history-ilm-policy-16]
[2025-01-01T05:55:41,906][INFO ][o.e.x.i.a.TransportPutLifecycleAction] [wsapp-node-1] adding index lifecycle policy [90-days-default]
[2025-01-01T05:55:42,457][INFO ][o.e.x.i.a.TransportPutLifecycleAction] [wsapp-node-1] adding index lifecycle policy [slm-history-ilm-policy]
[2025-01-01T05:55:42,955][INFO ][o.e.x.i.a.TransportPutLifecycleAction] [wsapp-node-1] adding index lifecycle policy [ilm-history-ilm-policy]
[2025-01-01T05:55:43,672][INFO ][o.e.x.i.a.TransportPutLifecycleAction] [wsapp-node-1] adding index lifecycle policy [.deprecation-indexing-ilm-policy]
[2025-01-01T05:55:44,323][INFO ][o.e.x.i.a.TransportPutLifecycleAction] [wsapp-node-1] adding index lifecycle policy [.fleet-file-fromhost-meta-ilm-policy]
[2025-01-01T05:55:44,898][INFO ][o.e.x.i.a.TransportPutLifecycleAction] [wsapp-node-1] adding index lifecycle policy [.fleet-actions-results-ilm-policy]
[2025-01-01T05:55:45,338][INFO ][o.e.x.i.a.TransportPutLifecycleAction] [wsapp-node-1] adding index lifecycle policy [.fleet-file-tohost-meta-ilm-policy]
[2025-01-01T05:55:45,706][INFO ][o.e.x.i.a.TransportPutLifecycleAction] [wsapp-node-1] adding index lifecycle policy [.fleet-file-fromhost-data-ilm-policy]
[2025-01-01T05:55:46,138][INFO ][o.e.x.i.a.TransportPutLifecycleAction] [wsapp-node-1] adding index lifecycle policy [.fleet-file-tohost-data-ilm-policy]
[2025-01-01T05:55:47,373][INFO ][o.e.h.n.s.HealthNodeTaskExecutor] [wsapp-node-1] Node [{wsapp-node-1}{Z6KwJ9ixRF6OP50gCIYmvw}] is selected as the current health node.
[2025-01-01T05:55:48,654][INFO ][o.e.l.ClusterStateLicenseService] [wsapp-node-1] license [cedf61ba-b4ce-4515-92e0-2efde6b6c617] mode [basic] - valid
[2025-01-01T05:55:49,158][INFO ][o.e.x.c.t.IndexTemplateRegistry] [wsapp-node-1] adding ingest pipeline behavioral_analytics-events-final_pipeline
[2025-01-01T05:55:49,158][INFO ][o.e.x.c.t.IndexTemplateRegistry] [wsapp-node-1] adding ingest pipeline ent-search-generic-ingestion
[2025-01-01T05:55:49,159][INFO ][o.e.x.c.t.IndexTemplateRegistry] [wsapp-node-1] adding ingest pipeline logs@json-message
[2025-01-01T05:55:49,191][INFO ][o.e.c.m.MetadataIndexTemplateService] [wsapp-node-1] adding component template [behavioral_analytics-events-settings]
[2025-01-01T05:55:49,569][INFO ][o.e.c.m.MetadataIndexTemplateService] [wsapp-node-1] adding index template [behavioral_analytics-events-default] for index patterns [behavioral_analytics-events-*]
[2025-01-01T05:55:50,158][INFO ][o.e.x.c.t.IndexTemplateRegistry] [wsapp-node-1] adding ingest pipeline logs-default-pipeline
[2025-01-01T05:55:50,170][INFO ][o.e.c.m.MetadataIndexTemplateService] [wsapp-node-1] adding component template [logs-settings]
[2025-01-01T05:55:50,541][INFO ][o.e.c.m.MetadataIndexTemplateService] [wsapp-node-1] adding index template [logs] for index patterns [logs-*-*]
[2025-01-01T06:01:37,484][INFO ][o.e.c.m.MetadataCreateIndexService] [wsapp-node-1] [knowledge_base] creating index, cause [api], templates [], shards [1]/[1]
[2025-01-01T06:01:41,747][INFO ][o.e.i.m.MapperService    ] [wsapp-node-1] [knowledge_base] reloading search analyzers
[2025-01-01T15:14:09,463][WARN ][o.e.t.ThreadPool         ] [wsapp-node-1] timer thread slept for [8.1h/29486867ms] on absolute clock which is above the warn threshold of [5000ms]
[2025-01-01T15:14:09,517][WARN ][o.e.t.ThreadPool         ] [wsapp-node-1] timer thread slept for [8.1h/29486867179700ns] on relative clock which is above the warn threshold of [5000ms]
[2025-01-01T18:15:44,999][WARN ][o.e.t.ThreadPool         ] [wsapp-node-1] timer thread slept for [11.1m/668048ms] on absolute clock which is above the warn threshold of [5000ms]
[2025-01-01T18:15:45,050][WARN ][o.e.t.ThreadPool         ] [wsapp-node-1] timer thread slept for [11.1m/668048184900ns] on relative clock which is above the warn threshold of [5000ms]
[2025-01-01T20:05:56,907][WARN ][o.e.t.ThreadPool         ] [wsapp-node-1] execution of [ReschedulingRunnable{runnable=org.elasticsearch.datastreams.UpdateTimeSeriesRangeService$$Lambda/0x0000025c1f018b00@29612ac8, interval=5m}] took [10157ms] which is above the warn threshold of [5000ms]
[2025-01-01T21:03:40,641][WARN ][o.e.t.ThreadPool         ] [wsapp-node-1] timer thread slept for [16.3m/983647ms] on absolute clock which is above the warn threshold of [5000ms]
[2025-01-01T21:03:40,698][WARN ][o.e.t.ThreadPool         ] [wsapp-node-1] timer thread slept for [16.3m/983647136900ns] on relative clock which is above the warn threshold of [5000ms]
